<?xml version="1.0" encoding="UTF-8"?>
<robot generator="Robot 6.0.2 (Python 3.11.5 on win32)" generated="20240319 16:27:31.966" rpa="false" schemaversion="3">
<suite id="s1" name="Swipe" source="C:\QAx\projects\yodapp-robot\tests\swipe.robot">
<test id="s1-t1" name="Should allow removing Darth Vader" line="7">
<kw name="Start session" library="base">
<kw name="Open Application" library="AppiumLibrary">
<arg>http://localhost:4723</arg>
<arg>platformName=Android</arg>
<arg>deviceName=Android Emulator</arg>
<arg>automationName=UIAutomator2</arg>
<arg>app=${EXECDIR}/app/yodapp-beta.apk</arg>
<arg>udid=emulator-5554</arg>
<arg>autoGrantPermissions=true</arg>
<doc>Opens a new application to given Appium server.
Capabilities of appium server, Android and iOS,
Please check https://github.com/appium/appium/blob/master/docs/en/writing-running-appium/server-args.md
| *Option*            | *Man.* | *Description*     |
| remote_url          | Yes    | Appium server url |
| alias               | no     | alias             |
| strict_ssl          | No     | allows you to send commands to an invalid certificate host like a self-signed one. |</doc>
<msg timestamp="20240319 16:27:36.328" level="WARN">Retrying (Retry(total=2, connect=None, read=None, redirect=None, status=None)) after connection broken by 'NewConnectionError('&lt;urllib3.connection.HTTPConnection object at 0x0000026BF1719A10&gt;: Failed to establish a new connection: [WinError 10061] Nenhuma conexão pôde ser feita porque a máquina de destino as recusou ativamente')': /session</msg>
<msg timestamp="20240319 16:27:40.401" level="WARN">Retrying (Retry(total=1, connect=None, read=None, redirect=None, status=None)) after connection broken by 'NewConnectionError('&lt;urllib3.connection.HTTPConnection object at 0x0000026BF171AB90&gt;: Failed to establish a new connection: [WinError 10061] Nenhuma conexão pôde ser feita porque a máquina de destino as recusou ativamente')': /session</msg>
<msg timestamp="20240319 16:27:44.498" level="WARN">Retrying (Retry(total=0, connect=None, read=None, redirect=None, status=None)) after connection broken by 'NewConnectionError('&lt;urllib3.connection.HTTPConnection object at 0x0000026BF171B810&gt;: Failed to establish a new connection: [WinError 10061] Nenhuma conexão pôde ser feita porque a máquina de destino as recusou ativamente')': /session</msg>
<kw name="Capture Page Screenshot" library="AppiumLibrary">
<doc>Takes a screenshot of the current page and embeds it into the log.</doc>
<msg timestamp="20240319 16:27:48.577" level="FAIL">No application is open</msg>
<status status="FAIL" starttime="20240319 16:27:48.577" endtime="20240319 16:27:48.594"/>
</kw>
<msg timestamp="20240319 16:27:48.595" level="WARN">Keyword 'Capture Page Screenshot' could not be run on failure: No application is open</msg>
<msg timestamp="20240319 16:27:48.596" level="FAIL">MaxRetryError: HTTPConnectionPool(host='localhost', port=4723): Max retries exceeded with url: /session (Caused by NewConnectionError('&lt;urllib3.connection.HTTPConnection object at 0x0000026BF171E150&gt;: Failed to establish a new connection: [WinError 10061] Nenhuma conexão pôde ser feita porque a máquina de destino as recusou ativamente'))</msg>
<status status="FAIL" starttime="20240319 16:27:32.202" endtime="20240319 16:27:48.599"/>
</kw>
<status status="FAIL" starttime="20240319 16:27:32.201" endtime="20240319 16:27:48.599"/>
</kw>
<kw name="Get started" library="base">
<status status="NOT RUN" starttime="20240319 16:27:48.600" endtime="20240319 16:27:48.600"/>
</kw>
<kw name="Navigate to" library="base">
<arg>Star Wars</arg>
<status status="NOT RUN" starttime="20240319 16:27:48.600" endtime="20240319 16:27:48.600"/>
</kw>
<kw name="Go to item" library="base">
<arg>Lista</arg>
<arg>Darth Vader</arg>
<status status="NOT RUN" starttime="20240319 16:27:48.600" endtime="20240319 16:27:48.601"/>
</kw>
<kw name="Get Element Location" library="AppiumLibrary">
<var>${positions}</var>
<arg>xpath=//android.widget.TextView[@text="@darthvader"]/../../..//*[contains(@resource-id, "indicator")]</arg>
<doc>Get element location</doc>
<status status="NOT RUN" starttime="20240319 16:27:48.601" endtime="20240319 16:27:48.601"/>
</kw>
<kw name="Set Variable" library="BuiltIn">
<var>${start_x}</var>
<arg>${positions}[x]</arg>
<doc>Returns the given values which can then be assigned to a variables.</doc>
<status status="NOT RUN" starttime="20240319 16:27:48.601" endtime="20240319 16:27:48.601"/>
</kw>
<kw name="Set Variable" library="BuiltIn">
<var>${start_y}</var>
<arg>${positions}[y]</arg>
<doc>Returns the given values which can then be assigned to a variables.</doc>
<status status="NOT RUN" starttime="20240319 16:27:48.602" endtime="20240319 16:27:48.602"/>
</kw>
<kw name="Evaluate" library="BuiltIn">
<var>${offset_x}</var>
<arg>${positions}[x] - 600</arg>
<doc>Evaluates the given expression in Python and returns the result.</doc>
<status status="NOT RUN" starttime="20240319 16:27:48.602" endtime="20240319 16:27:48.602"/>
</kw>
<kw name="Set Variable" library="BuiltIn">
<var>${offset_y}</var>
<arg>${positions}[y]</arg>
<doc>Returns the given values which can then be assigned to a variables.</doc>
<status status="NOT RUN" starttime="20240319 16:27:48.602" endtime="20240319 16:27:48.602"/>
</kw>
<kw name="Swipe" library="AppiumLibrary">
<arg>${start_x}</arg>
<arg>${start_y}</arg>
<arg>${offset_x}</arg>
<arg>${offset_y}</arg>
<arg>1000</arg>
<doc>Swipe from one point to another point, for an optional duration.</doc>
<status status="NOT RUN" starttime="20240319 16:27:48.603" endtime="20240319 16:27:48.603"/>
</kw>
<kw name="Click Element" library="AppiumLibrary">
<arg>com.qaxperience.yodapp:id/btnRemove</arg>
<doc>Click element identified by `locator`.</doc>
<status status="NOT RUN" starttime="20240319 16:27:48.603" endtime="20240319 16:27:48.603"/>
</kw>
<kw name="Wait Until Page Does Not Contain" library="AppiumLibrary">
<arg>Darth Vader</arg>
<doc>Waits until `text` disappears from current page.</doc>
<status status="NOT RUN" starttime="20240319 16:27:48.604" endtime="20240319 16:27:48.604"/>
</kw>
<kw name="Close session" library="base">
<status status="NOT RUN" starttime="20240319 16:27:48.604" endtime="20240319 16:27:48.604"/>
</kw>
<tag>Darth</tag>
<status status="FAIL" starttime="20240319 16:27:32.201" endtime="20240319 16:27:48.604">MaxRetryError: HTTPConnectionPool(host='localhost', port=4723): Max retries exceeded with url: /session (Caused by NewConnectionError('&lt;urllib3.connection.HTTPConnection object at 0x0000026BF171E150&gt;: Failed to establish a new connection: [WinError 10061] Nenhuma conexão pôde ser feita porque a máquina de destino as recusou ativamente'))</status>
</test>
<test id="s1-t2" name="Should allow removing Mandaloriano" line="31">
<kw name="Start session" library="base">
<kw name="Open Application" library="AppiumLibrary">
<arg>http://localhost:4723</arg>
<arg>platformName=Android</arg>
<arg>deviceName=Android Emulator</arg>
<arg>automationName=UIAutomator2</arg>
<arg>app=${EXECDIR}/app/yodapp-beta.apk</arg>
<arg>udid=emulator-5554</arg>
<arg>autoGrantPermissions=true</arg>
<doc>Opens a new application to given Appium server.
Capabilities of appium server, Android and iOS,
Please check https://github.com/appium/appium/blob/master/docs/en/writing-running-appium/server-args.md
| *Option*            | *Man.* | *Description*     |
| remote_url          | Yes    | Appium server url |
| alias               | no     | alias             |
| strict_ssl          | No     | allows you to send commands to an invalid certificate host like a self-signed one. |</doc>
<kw name="Capture Page Screenshot" library="AppiumLibrary">
<doc>Takes a screenshot of the current page and embeds it into the log.</doc>
<status status="FAIL" starttime="20240319 16:27:52.661" endtime="20240319 16:27:52.662"/>
</kw>
<msg timestamp="20240319 16:27:52.663" level="WARN">Keyword 'Capture Page Screenshot' could not be run on failure: Execution terminated by signal</msg>
<status status="FAIL" starttime="20240319 16:27:48.605" endtime="20240319 16:27:52.664"/>
</kw>
<status status="FAIL" starttime="20240319 16:27:48.605" endtime="20240319 16:27:52.664"/>
</kw>
<kw name="Get started" library="base">
<status status="NOT RUN" starttime="20240319 16:27:52.664" endtime="20240319 16:27:52.664"/>
</kw>
<kw name="Navigate to" library="base">
<arg>Star Wars</arg>
<status status="NOT RUN" starttime="20240319 16:27:52.665" endtime="20240319 16:27:52.665"/>
</kw>
<kw name="Go to item" library="base">
<arg>Lista</arg>
<arg>Mandaloriano</arg>
<status status="NOT RUN" starttime="20240319 16:27:52.665" endtime="20240319 16:27:52.665"/>
</kw>
<kw name="Get Element Location" library="AppiumLibrary">
<var>${positions}</var>
<arg>//android.widget.TextView[@text="@mando"]/../../..//*[contains(@resource-id, "indicator")]</arg>
<doc>Get element location</doc>
<status status="NOT RUN" starttime="20240319 16:27:52.665" endtime="20240319 16:27:52.666"/>
</kw>
<kw name="Set Variable" library="BuiltIn">
<var>${start_x}</var>
<arg>${positions}[x]</arg>
<doc>Returns the given values which can then be assigned to a variables.</doc>
<status status="NOT RUN" starttime="20240319 16:27:52.666" endtime="20240319 16:27:52.666"/>
</kw>
<kw name="Set Variable" library="BuiltIn">
<var>${start_y}</var>
<arg>${positions}[y]</arg>
<doc>Returns the given values which can then be assigned to a variables.</doc>
<status status="NOT RUN" starttime="20240319 16:27:52.666" endtime="20240319 16:27:52.666"/>
</kw>
<kw name="Set Variable" library="BuiltIn">
<var>${offset_x}</var>
<arg>${positions}[x] - 580</arg>
<doc>Returns the given values which can then be assigned to a variables.</doc>
<status status="NOT RUN" starttime="20240319 16:27:52.667" endtime="20240319 16:27:52.667"/>
</kw>
<kw name="Set Variable" library="BuiltIn">
<var>${offset_y}</var>
<arg>${positions}[y]</arg>
<doc>Returns the given values which can then be assigned to a variables.</doc>
<status status="NOT RUN" starttime="20240319 16:27:52.667" endtime="20240319 16:27:52.667"/>
</kw>
<kw name="Click Element" library="AppiumLibrary">
<arg>com.qaxperience.yodapp:id/btnRemove</arg>
<doc>Click element identified by `locator`.</doc>
<status status="NOT RUN" starttime="20240319 16:27:52.667" endtime="20240319 16:27:52.667"/>
</kw>
<kw name="Wait Until Page Does Not Contain" library="AppiumLibrary">
<arg>Mandaloriano</arg>
<doc>Waits until `text` disappears from current page.</doc>
<status status="NOT RUN" starttime="20240319 16:27:52.667" endtime="20240319 16:27:52.667"/>
</kw>
<tag>Manda</tag>
<status status="FAIL" starttime="20240319 16:27:48.605" endtime="20240319 16:27:52.668">Execution terminated by signal</status>
</test>
<status status="FAIL" starttime="20240319 16:27:31.968" endtime="20240319 16:27:52.669"/>
</suite>
<statistics>
<total>
<stat pass="0" fail="2" skip="0">All Tests</stat>
</total>
<tag>
<stat pass="0" fail="1" skip="0">Darth</stat>
<stat pass="0" fail="1" skip="0">Manda</stat>
</tag>
<suite>
<stat pass="0" fail="2" skip="0" id="s1" name="Swipe">Swipe</stat>
</suite>
</statistics>
<errors>
<msg timestamp="20240319 16:27:36.328" level="WARN">Retrying (Retry(total=2, connect=None, read=None, redirect=None, status=None)) after connection broken by 'NewConnectionError('&lt;urllib3.connection.HTTPConnection object at 0x0000026BF1719A10&gt;: Failed to establish a new connection: [WinError 10061] Nenhuma conexão pôde ser feita porque a máquina de destino as recusou ativamente')': /session</msg>
<msg timestamp="20240319 16:27:40.401" level="WARN">Retrying (Retry(total=1, connect=None, read=None, redirect=None, status=None)) after connection broken by 'NewConnectionError('&lt;urllib3.connection.HTTPConnection object at 0x0000026BF171AB90&gt;: Failed to establish a new connection: [WinError 10061] Nenhuma conexão pôde ser feita porque a máquina de destino as recusou ativamente')': /session</msg>
<msg timestamp="20240319 16:27:44.498" level="WARN">Retrying (Retry(total=0, connect=None, read=None, redirect=None, status=None)) after connection broken by 'NewConnectionError('&lt;urllib3.connection.HTTPConnection object at 0x0000026BF171B810&gt;: Failed to establish a new connection: [WinError 10061] Nenhuma conexão pôde ser feita porque a máquina de destino as recusou ativamente')': /session</msg>
<msg timestamp="20240319 16:27:48.595" level="WARN">Keyword 'Capture Page Screenshot' could not be run on failure: No application is open</msg>
<msg timestamp="20240319 16:27:52.663" level="WARN">Keyword 'Capture Page Screenshot' could not be run on failure: Execution terminated by signal</msg>
</errors>
</robot>
